2026-06-25 10:38:57,847 [INFO] Activator:176 - 


2026-06-25 10:38:57,855 [INFO] Activator:177 - !SESSION log4j initialized
2026-06-25 10:39:08,383 [INFO] LogOutputStream:77 - [STDOUT_REDIRECT] 
2026-06-25 10:39:13,856 [INFO] ApplicationProperties:184 - Using Application install path: C:\ST\STM32CubeIDE_1.19.0\STM32CubeIDE\plugins\com.st.stm32cube.common.mx_6.15.0.202507011659
2026-06-25 10:39:13,879 [INFO] DbMcusXml:78 - Set database path to: C:\ST\STM32CubeIDE_1.19.0\STM32CubeIDE\plugins\com.st.stm32cube.common.mx_6.15.0.202507011659\\db\/mcu/
2026-06-25 10:39:13,879 [INFO] ApiDb:274 - Set plugin database path to: C:\ST\STM32CubeIDE_1.19.0\STM32CubeIDE\plugins\com.st.stm32cube.common.mx_6.15.0.202507011659\\db\/plugins/boardmanager/
2026-06-25 10:39:13,880 [WARN] ApiDb:259 - Overriding images path with different value:  => C:\ST\STM32CubeIDE_1.19.0\STM32CubeIDE\plugins\com.st.stm32cube.common.mx_6.15.0.202507011659\\db\/plugins/mcufinder/images/
2026-06-25 10:39:13,891 [INFO] ApiDb:250 - Set database path to: C:\Users\pc\.stmcufinder\plugins\mcufinder//mcu/
2026-06-25 10:39:13,893 [INFO] DbMcusAds:125 - Set database path to: C:\Users\pc\.stmcufinder\plugins\mcufinder//mcu/
2026-06-25 10:39:13,896 [INFO] CrossReferenceDbSqlite:203 - Set database path to: C:\Users\pc\.stmcufinder\plugins\mcufinder//mcu/cs/
2026-06-25 10:39:14,036 [INFO] RulesReader:64 - Compatibility file has been processed (317 Rules)
2026-06-25 10:39:14,142 [INFO] DbMcusXml:78 - Set database path to: C:\ST\STM32CubeIDE_1.19.0\STM32CubeIDE\plugins\com.st.stm32cube.common.mx_6.15.0.202507011659\\db\/mcu/
2026-06-25 10:39:14,142 [INFO] ApiDb:274 - Set plugin database path to: C:\ST\STM32CubeIDE_1.19.0\STM32CubeIDE\plugins\com.st.stm32cube.common.mx_6.15.0.202507011659\\db\/plugins/boardmanager/
2026-06-25 10:39:14,142 [INFO] ApiDb:261 - Set plugin images path to: C:\ST\STM32CubeIDE_1.19.0\STM32CubeIDE\plugins\com.st.stm32cube.common.mx_6.15.0.202507011659\\db\/plugins/mcufinder/images/
2026-06-25 10:39:14,142 [WARN] DbFile:41 - Overriding database path with different value: C:\Users\pc\.stmcufinder\plugins\mcufinder/ => C:\Users\pc\.stmcufinder\plugins\mcufinder
2026-06-25 10:39:14,142 [INFO] ApiDb:250 - Set database path to: C:\Users\pc\.stmcufinder\plugins\mcufinder//mcu/
2026-06-25 10:39:14,142 [WARN] DbFile:41 - Overriding database path with different value: C:\Users\pc\.stmcufinder\plugins\mcufinder/ => C:\Users\pc\.stmcufinder\plugins\mcufinder
2026-06-25 10:39:14,143 [INFO] DbMcusAds:125 - Set database path to: C:\Users\pc\.stmcufinder\plugins\mcufinder//mcu/
2026-06-25 10:39:14,143 [WARN] DbFile:41 - Overriding database path with different value: C:\Users\pc\.stmcufinder\plugins\mcufinder/ => C:\Users\pc\.stmcufinder\plugins\mcufinder
2026-06-25 10:39:14,143 [WARN] DbFile:41 - Overriding database path with different value: C:\Users\pc\.stmcufinder\plugins\mcufinder/ => C:\Users\pc\.stmcufinder\plugins\mcufinder
2026-06-25 10:39:14,143 [INFO] CrossReferenceDbSqlite:203 - Set database path to: C:\Users\pc\.stmcufinder\plugins\mcufinder//mcu/cs/
2026-06-25 10:39:14,240 [INFO] MainPanel:274 - HeapMemory: 268435456
2026-06-25 10:39:14,386 [INFO] DbMcusXml:78 - Set database path to: C:\ST\STM32CubeIDE_1.19.0\STM32CubeIDE\plugins\com.st.stm32cube.common.mx_6.15.0.202507011659\\db\/mcu/
2026-06-25 10:39:14,386 [INFO] ApiDb:274 - Set plugin database path to: C:\ST\STM32CubeIDE_1.19.0\STM32CubeIDE\plugins\com.st.stm32cube.common.mx_6.15.0.202507011659\\db\/plugins/boardmanager/
2026-06-25 10:39:14,387 [INFO] ApiDb:261 - Set plugin images path to: C:\ST\STM32CubeIDE_1.19.0\STM32CubeIDE\plugins\com.st.stm32cube.common.mx_6.15.0.202507011659\\db\/plugins/mcufinder/images/
2026-06-25 10:39:14,387 [WARN] DbFile:41 - Overriding database path with different value: C:\Users\pc\.stmcufinder\plugins\mcufinder/ => C:\Users\pc\.stmcufinder\plugins\mcufinder
2026-06-25 10:39:14,387 [INFO] ApiDb:250 - Set database path to: C:\Users\pc\.stmcufinder\plugins\mcufinder//mcu/
2026-06-25 10:39:14,387 [WARN] DbFile:41 - Overriding database path with different value: C:\Users\pc\.stmcufinder\plugins\mcufinder/ => C:\Users\pc\.stmcufinder\plugins\mcufinder
2026-06-25 10:39:14,387 [INFO] DbMcusAds:125 - Set database path to: C:\Users\pc\.stmcufinder\plugins\mcufinder//mcu/
2026-06-25 10:39:14,387 [WARN] DbFile:41 - Overriding database path with different value: C:\Users\pc\.stmcufinder\plugins\mcufinder/ => C:\Users\pc\.stmcufinder\plugins\mcufinder
2026-06-25 10:39:14,388 [WARN] DbFile:41 - Overriding database path with different value: C:\Users\pc\.stmcufinder\plugins\mcufinder/ => C:\Users\pc\.stmcufinder\plugins\mcufinder
2026-06-25 10:39:14,388 [INFO] CrossReferenceDbSqlite:203 - Set database path to: C:\Users\pc\.stmcufinder\plugins\mcufinder//mcu/cs/
2026-06-25 10:39:14,411 [INFO] ApplicationProperties:184 - Using Application install path: C:\ST\STM32CubeIDE_1.19.0\STM32CubeIDE\plugins\com.st.stm32cube.common.mx_6.15.0.202507011659
2026-06-25 10:39:14,413 [INFO] PluginManage:196 - Search for loadable plugins [exclusion list=, ]
2026-06-25 10:39:14,414 [INFO] PluginManage:310 - Check plugin analytics
2026-06-25 10:39:14,640 [INFO] AnalyticsPlugin:253 - Accepted Software Licenses: 
2026-06-25 10:39:14,640 [INFO] AnalyticsPlugin:255 - Accepted CMSIS Pack Licenses: 
2026-06-25 10:39:14,642 [INFO] AnalyticsPlugin:257 - Accepted Firmware Licenses: FW.F4.1.28.0
2026-06-25 10:39:14,645 [INFO] PluginManage:359 - Loaded plugin analytics (category:tool,tabindex:-1)
2026-06-25 10:39:14,645 [INFO] PluginManage:310 - Check plugin cadmodel
2026-06-25 10:39:14,669 [INFO] CADModel:105 - Init CAD model plugin
2026-06-25 10:39:14,669 [INFO] PluginManage:359 - Loaded plugin cadmodel (category:power,tabindex:5)
2026-06-25 10:39:14,669 [INFO] PluginManage:310 - Check plugin clock
2026-06-25 10:39:14,698 [INFO] PluginManage:359 - Loaded plugin clock (category:base,tabindex:2)
2026-06-25 10:39:14,698 [INFO] PluginManage:310 - Check plugin ddr
2026-06-25 10:39:14,701 [INFO] PluginManage:359 - Loaded plugin ddr (category:tool,tabindex:6)
2026-06-25 10:39:14,701 [INFO] PluginManage:310 - Check plugin filemanager
2026-06-25 10:39:14,883 [INFO] PluginManage:359 - Loaded plugin filemanager (category:base,tabindex:10)
2026-06-25 10:39:14,883 [INFO] PluginManage:310 - Check plugin ipmanager
2026-06-25 10:39:14,892 [INFO] PluginManage:359 - Loaded plugin ipmanager (category:base,tabindex:5)
2026-06-25 10:39:14,892 [INFO] PluginManage:310 - Check plugin lpbam
2026-06-25 10:39:14,920 [INFO] PluginManage:359 - Loaded plugin lpbam (category:base,tabindex:0)
2026-06-25 10:39:14,922 [INFO] PluginManage:310 - Check plugin memorymap
2026-06-25 10:39:14,955 [INFO] PluginManage:359 - Loaded plugin memorymap (category:base,tabindex:4)
2026-06-25 10:39:14,955 [INFO] PluginManage:310 - Check plugin pinoutandconfiguration
2026-06-25 10:39:14,980 [INFO] PluginManage:359 - Loaded plugin pinoutandconfiguration (category:base,tabindex:1)
2026-06-25 10:39:14,980 [INFO] PluginManage:310 - Check plugin pinoutconfig
2026-06-25 10:39:15,097 [WARN] SupportedApi:132 - Cannot load RTOS API schema: s4s-elt-must-match.1: The content of 'definitions' must match (annotation?, (simpleType | complexType)?, (unique | key | keyref)*)). A problem was found starting at: attribute.
2026-06-25 10:39:15,279 [INFO] PluginManage:359 - Loaded plugin pinoutconfig (category:base,tabindex:0)
2026-06-25 10:39:15,279 [INFO] PluginManage:310 - Check plugin power
2026-06-25 10:39:15,305 [INFO] PluginManage:359 - Loaded plugin power (category:power,tabindex:4)
2026-06-25 10:39:15,306 [INFO] PluginManage:310 - Check plugin projectmanager
2026-06-25 10:39:15,325 [INFO] PluginManage:359 - Loaded plugin projectmanager (category:projectmanager,tabindex:4)
2026-06-25 10:39:15,325 [INFO] PluginManage:310 - Check plugin rif
2026-06-25 10:39:15,350 [INFO] PluginManage:359 - Loaded plugin rif (category:base,tabindex:3)
2026-06-25 10:39:15,351 [INFO] PluginManage:310 - Check plugin thirdparty
2026-06-25 10:39:15,737 [INFO] PluginManage:359 - Loaded plugin thirdparty (category:base,tabindex:-1)
2026-06-25 10:39:15,737 [WARN] IntegrityCheckThread:84 - waiting for thirdparty lock release [integrity check]
2026-06-25 10:39:15,737 [INFO] PluginManage:310 - Check plugin tools
2026-06-25 10:39:15,737 [INFO] IntegrityCheckThread:86 - entering critical section [integrity check]
2026-06-25 10:39:15,738 [INFO] ThirdPartyUpdaterWithRetryManager:70 - Updater plugin not ready yet. [1/15]
2026-06-25 10:39:15,791 [INFO] PluginManage:359 - Loaded plugin tools (category:base,tabindex:7)
2026-06-25 10:39:15,792 [INFO] PluginManage:310 - Check plugin tutovideos
2026-06-25 10:39:16,079 [INFO] PluginManage:359 - Loaded plugin tutovideos (category:base,tabindex:-1)
2026-06-25 10:39:16,079 [INFO] PluginManage:310 - Check plugin updater
2026-06-25 10:39:16,102 [INFO] PluginManage:359 - Loaded plugin updater (category:base,tabindex:12)
2026-06-25 10:39:16,104 [INFO] PluginManage:310 - Check plugin userauth
2026-06-25 10:39:16,108 [INFO] UserAuth:118 - Init User Auth plugin
2026-06-25 10:39:16,109 [INFO] PluginManage:359 - Loaded plugin userauth (category:base,tabindex:14)
2026-06-25 10:39:16,110 [INFO] PluginManage:283 - PluginManage : Loaded plugins [18]
2026-06-25 10:39:16,367 [INFO] PinOutPanel:1589 - setPackage(No Configuration,No Configuration)
2026-06-25 10:39:16,484 [INFO] CADModel:165 - CPN selected for project level
2026-06-25 10:39:16,485 [INFO] CADModel:114 - Register for checkConnection events
2026-06-25 10:39:16,522 [INFO] IPUIPlugin:80 - create IPUIPlugin
2026-06-25 10:39:16,523 [INFO] PluginManager:220 - loadIPPluginJar : add adc
2026-06-25 10:39:16,581 [INFO] IPUIPlugin:80 - create IPUIPlugin
2026-06-25 10:39:16,581 [INFO] PluginManager:220 - loadIPPluginJar : add aes
2026-06-25 10:39:16,643 [INFO] IPUIPlugin:80 - create IPUIPlugin
2026-06-25 10:39:16,643 [INFO] PluginManager:220 - loadIPPluginJar : add can
2026-06-25 10:39:16,679 [INFO] IPUIPlugin:80 - create IPUIPlugin
2026-06-25 10:39:16,679 [INFO] PluginManager:220 - loadIPPluginJar : add comp
2026-06-25 10:39:16,729 [INFO] IPUIPlugin:80 - create IPUIPlugin
2026-06-25 10:39:16,729 [INFO] PluginManager:220 - loadIPPluginJar : add cryp
2026-06-25 10:39:16,746 [INFO] IPUIPlugin:80 - create IPUIPlugin
2026-06-25 10:39:16,746 [INFO] PluginManager:220 - loadIPPluginJar : add ddr_ctrl_phy
2026-06-25 10:39:16,790 [INFO] IPUIPlugin:80 - create IPUIPlugin
2026-06-25 10:39:16,790 [INFO] PluginManager:220 - loadIPPluginJar : add dfsdm
2026-06-25 10:39:16,809 [INFO] IPUIPlugin:80 - create IPUIPlugin
2026-06-25 10:39:16,810 [INFO] PluginManager:220 - loadIPPluginJar : add dma
2026-06-25 10:39:16,865 [INFO] IPUIPlugin:80 - create IPUIPlugin
2026-06-25 10:39:16,865 [INFO] PluginManager:220 - loadIPPluginJar : add dma3
2026-06-25 10:39:16,929 [INFO] IPUIPlugin:80 - create IPUIPlugin
2026-06-25 10:39:16,929 [INFO] PluginManager:220 - loadIPPluginJar : add extmemmanager
2026-06-25 10:39:16,959 [INFO] IPUIPlugin:80 - create IPUIPlugin
2026-06-25 10:39:16,959 [INFO] PluginManager:220 - loadIPPluginJar : add fatfs
2026-06-25 10:39:17,023 [INFO] IPUIPlugin:80 - create IPUIPlugin
2026-06-25 10:39:17,023 [INFO] PluginManager:220 - loadIPPluginJar : add fmc
2026-06-25 10:39:17,043 [INFO] IPUIPlugin:80 - create IPUIPlugin
2026-06-25 10:39:17,043 [INFO] PluginManager:220 - loadIPPluginJar : add freertos
2026-06-25 10:39:17,071 [INFO] IPUIPlugin:80 - create IPUIPlugin
2026-06-25 10:39:17,071 [INFO] PluginManager:220 - loadIPPluginJar : add genericplugin
2026-06-25 10:39:17,195 [INFO] IPUIPlugin:80 - create IPUIPlugin
2026-06-25 10:39:17,195 [INFO] PluginManager:220 - loadIPPluginJar : add gfxmmu
2026-06-25 10:39:17,371 [INFO] IPUIPlugin:80 - create IPUIPlugin
2026-06-25 10:39:17,371 [INFO] PluginManager:220 - loadIPPluginJar : add gic
2026-06-25 10:39:17,388 [INFO] IPUIPlugin:80 - create IPUIPlugin
2026-06-25 10:39:17,388 [INFO] PluginManager:220 - loadIPPluginJar : add gpio
2026-06-25 10:39:17,510 [INFO] IPUIPlugin:80 - create IPUIPlugin
2026-06-25 10:39:17,511 [INFO] PluginManager:220 - loadIPPluginJar : add gtzc
2026-06-25 10:39:17,553 [INFO] IPUIPlugin:80 - create IPUIPlugin
2026-06-25 10:39:17,553 [INFO] PluginManager:220 - loadIPPluginJar : add hash
2026-06-25 10:39:17,624 [INFO] IPUIPlugin:80 - create IPUIPlugin
2026-06-25 10:39:17,624 [INFO] PluginManager:220 - loadIPPluginJar : add i2c
2026-06-25 10:39:17,676 [INFO] IPUIPlugin:80 - create IPUIPlugin
2026-06-25 10:39:17,676 [INFO] PluginManager:220 - loadIPPluginJar : add i2s
2026-06-25 10:39:17,731 [INFO] IPUIPlugin:80 - create IPUIPlugin
2026-06-25 10:39:17,731 [INFO] PluginManager:220 - loadIPPluginJar : add i3c
2026-06-25 10:39:17,868 [INFO] IPUIPlugin:80 - create IPUIPlugin
2026-06-25 10:39:17,868 [INFO] PluginManager:220 - loadIPPluginJar : add ipddr
2026-06-25 10:39:17,985 [INFO] IPUIPlugin:80 - create IPUIPlugin
2026-06-25 10:39:17,986 [INFO] PluginManager:220 - loadIPPluginJar : add linkedlist
2026-06-25 10:39:18,032 [INFO] IPUIPlugin:80 - create IPUIPlugin
2026-06-25 10:39:18,033 [INFO] PluginManager:220 - loadIPPluginJar : add lorawan
2026-06-25 10:39:18,081 [INFO] IPUIPlugin:80 - create IPUIPlugin
2026-06-25 10:39:18,081 [INFO] PluginManager:220 - loadIPPluginJar : add ltdc
2026-06-25 10:39:18,098 [INFO] IPUIPlugin:80 - create IPUIPlugin
2026-06-25 10:39:18,098 [INFO] PluginManager:220 - loadIPPluginJar : add mdma
2026-06-25 10:39:18,114 [INFO] IPUIPlugin:80 - create IPUIPlugin
2026-06-25 10:39:18,114 [INFO] PluginManager:220 - loadIPPluginJar : add nvic
2026-06-25 10:39:18,162 [INFO] IPUIPlugin:80 - create IPUIPlugin
2026-06-25 10:39:18,162 [INFO] PluginManager:220 - loadIPPluginJar : add opamp
2026-06-25 10:39:18,244 [INFO] IPUIPlugin:80 - create IPUIPlugin
2026-06-25 10:39:18,244 [INFO] PluginManager:220 - loadIPPluginJar : add openamp
2026-06-25 10:39:18,302 [INFO] IPUIPlugin:80 - create IPUIPlugin
2026-06-25 10:39:18,302 [INFO] PluginManager:220 - loadIPPluginJar : add pdm2pcm
2026-06-25 10:39:18,319 [INFO] IPUIPlugin:80 - create IPUIPlugin
2026-06-25 10:39:18,321 [INFO] PluginManager:220 - loadIPPluginJar : add plateformsettings
2026-06-25 10:39:18,350 [INFO] IPUIPlugin:80 - create IPUIPlugin
2026-06-25 10:39:18,350 [INFO] PluginManager:220 - loadIPPluginJar : add quadspi
2026-06-25 10:39:18,384 [INFO] IPUIPlugin:80 - create IPUIPlugin
2026-06-25 10:39:18,384 [INFO] PluginManager:220 - loadIPPluginJar : add radio
2026-06-25 10:39:18,399 [INFO] IPUIPlugin:80 - create IPUIPlugin
2026-06-25 10:39:18,399 [INFO] PluginManager:220 - loadIPPluginJar : add resmgrutility
2026-06-25 10:39:18,463 [INFO] IPUIPlugin:80 - create IPUIPlugin
2026-06-25 10:39:18,464 [INFO] PluginManager:220 - loadIPPluginJar : add sai
2026-06-25 10:39:18,511 [INFO] IPUIPlugin:80 - create IPUIPlugin
2026-06-25 10:39:18,511 [INFO] PluginManager:220 - loadIPPluginJar : add spi
2026-06-25 10:39:18,618 [INFO] IPUIPlugin:80 - create IPUIPlugin
2026-06-25 10:39:18,619 [INFO] PluginManager:220 - loadIPPluginJar : add stm32_wpan
2026-06-25 10:39:18,649 [INFO] IPUIPlugin:80 - create IPUIPlugin
2026-06-25 10:39:18,649 [INFO] PluginManager:220 - loadIPPluginJar : add tim
2026-06-25 10:39:18,728 [INFO] IPUIPlugin:80 - create IPUIPlugin
2026-06-25 10:39:18,728 [INFO] PluginManager:220 - loadIPPluginJar : add touchsensing
2026-06-25 10:39:18,739 [INFO] ThirdPartyUpdaterWithRetryManager:70 - Updater plugin not ready yet. [2/15]
2026-06-25 10:39:18,760 [INFO] IPUIPlugin:80 - create IPUIPlugin
2026-06-25 10:39:18,760 [INFO] PluginManager:220 - loadIPPluginJar : add tracer_emb
2026-06-25 10:39:18,790 [INFO] IPUIPlugin:80 - create IPUIPlugin
2026-06-25 10:39:18,790 [INFO] PluginManager:220 - loadIPPluginJar : add ts
2026-06-25 10:39:18,820 [INFO] IPUIPlugin:80 - create IPUIPlugin
2026-06-25 10:39:18,820 [INFO] PluginManager:220 - loadIPPluginJar : add tsc
2026-06-25 10:39:18,849 [INFO] IPUIPlugin:80 - create IPUIPlugin
2026-06-25 10:39:18,849 [INFO] PluginManager:220 - loadIPPluginJar : add ucpd
2026-06-25 10:39:18,908 [INFO] IPUIPlugin:80 - create IPUIPlugin
2026-06-25 10:39:18,908 [INFO] PluginManager:220 - loadIPPluginJar : add usart
2026-06-25 10:39:18,966 [INFO] IPUIPlugin:80 - create IPUIPlugin
2026-06-25 10:39:18,966 [INFO] PluginManager:220 - loadIPPluginJar : add usbx
2026-06-25 10:39:19,103 [FATAL] Updater:351 - Updater called before beeing initialized
2026-06-25 10:39:19,137 [INFO] RulesReader:64 - Compatibility file has been processed (317 Rules)
2026-06-25 10:39:19,149 [INFO] RulesReader:64 - Compatibility file has been processed (317 Rules)
2026-06-25 10:39:19,157 [INFO] CADModel:165 - CPN selected for project level
2026-06-25 10:39:19,157 [INFO] CADModel:114 - Register for checkConnection events
2026-06-25 10:39:19,157 [FATAL] Updater:351 - Updater called before beeing initialized
2026-06-25 10:39:19,157 [ERROR] CADModel:125 - Updater not yet initialized, retry later 
2026-06-25 10:39:19,340 [FATAL] Updater:351 - Updater called before beeing initialized
2026-06-25 10:39:19,343 [INFO] CADModel:165 - CPN selected for project level
2026-06-25 10:39:19,343 [INFO] CADModel:114 - Register for checkConnection events
2026-06-25 10:39:19,343 [FATAL] Updater:351 - Updater called before beeing initialized
2026-06-25 10:39:19,343 [ERROR] CADModel:125 - Updater not yet initialized, retry later 
2026-06-25 10:39:19,347 [FATAL] Updater:351 - Updater called before beeing initialized
2026-06-25 10:39:19,497 [FATAL] Updater:351 - Updater called before beeing initialized
2026-06-25 10:39:19,513 [INFO] DbMcusAds:53 - JSON generation date=Fri Apr 10 14:49:02 IST 2026 (1775812742310)
2026-06-25 10:39:19,513 [FATAL] Updater:351 - Updater called before beeing initialized
2026-06-25 10:39:19,567 [WARN] DetailPanel:346 - Failed to get advertising image, set to default
2026-06-25 10:39:19,712 [FATAL] Updater:351 - Updater called before beeing initialized
2026-06-25 10:39:19,715 [FATAL] Updater:351 - Updater called before beeing initialized
2026-06-25 10:39:19,715 [FATAL] Updater:351 - Updater called before beeing initialized
2026-06-25 10:39:19,715 [WARN] DetailPanel:346 - Failed to get advertising image, set to default
2026-06-25 10:39:19,716 [FATAL] Updater:351 - Updater called before beeing initialized
2026-06-25 10:39:19,844 [ERROR] Updater:1198 - MainUpdater not yet initialized. External WinMGr cannot be set.
2026-06-25 10:39:19,862 [INFO] Updater:1134 - Updater Version found : 6.15.0
2026-06-25 10:39:19,884 [INFO] ApplicationProperties:184 - Using Application install path: C:\ST\STM32CubeIDE_1.19.0\STM32CubeIDE\plugins\com.st.stm32cube.common.mx_6.15.0.202507011659
2026-06-25 10:39:21,492 [ERROR] LogOutputStream:75 - [STDERR_REDIRECT] Jun 25, 2026 10:39:21 AM java.util.prefs.WindowsPreferences <init>
2026-06-25 10:39:21,494 [ERROR] LogOutputStream:75 - [STDERR_REDIRECT] WARNING: Could not open/create prefs root node Software\JavaSoft\Prefs at root 0xffffffff80000002. Windows RegCreateKeyEx(...) returned error code 5.
2026-06-25 10:39:21,494 [ERROR] LogOutputStream:75 - [STDERR_REDIRECT] 
2026-06-25 10:39:21,740 [INFO] ThirdPartyUpdaterWithRetryManager:70 - Updater plugin not ready yet. [3/15]
2026-06-25 10:39:21,821 [INFO] MainUpdater:2872 - connection check result : 10
2026-06-25 10:39:21,822 [INFO] MainUpdater:3604 - Updater definition file requires update
2026-06-25 10:39:21,823 [INFO] MainUpdater:289 - Updater Check For Update Now.
2026-06-25 10:39:21,823 [INFO] MicroXplorer:498 - Change Database Version : DB.6.0.150
2026-06-25 10:39:21,848 [INFO] McuFinderGlobals:63 - Set McuFinder mode to 2 (CubeIDE integrated)
2026-06-25 10:39:21,856 [INFO] UserAuth:487 - Internet connection configuration mode: 1
2026-06-25 10:39:21,870 [INFO] ServerAccessManage:452 - Complete download http(s) 200
2026-06-25 10:39:21,871 [INFO] ServerAccessManage:509 - Download File updaters.zip
2026-06-25 10:39:21,894 [INFO] JxBrowserEngine:152 - Initiate JxBrowser Engine with user profile folder
2026-06-25 10:39:21,980 [INFO] FileExtend:248 - Unzip File : updaters.zip
2026-06-25 10:39:21,980 [INFO] FileExtend:263 - Standard Zip Deflate
2026-06-25 10:39:23,635 [INFO] ServerAccessManage:452 - Complete download http(s) 200
2026-06-25 10:39:23,636 [INFO] ServerAccessManage:509 - Download File PacksControlFlags.xml
2026-06-25 10:39:23,858 [INFO] ServerAccessManage:452 - Complete download http(s) 200
2026-06-25 10:39:23,858 [INFO] ServerAccessManage:509 - Download File cubemx.pidx
2026-06-25 10:39:24,740 [WARN] MainUpdater:1193 - Updater busy. Cannot search thirdparties
2026-06-25 10:39:24,741 [INFO] ThirdPartyUpdaterWithRetryManager:96 - Updater plugin is busy. [1/15]
2026-06-25 10:39:25,226 [INFO] ServerAccessManage:452 - Complete download http(s) 200
2026-06-25 10:39:25,227 [INFO] ServerAccessManage:509 - Download File STMicroelectronics.X-CUBE-AI.pdsc
2026-06-25 10:39:26,803 [INFO] ServerAccessManage:452 - Complete download http(s) 200
2026-06-25 10:39:26,803 [INFO] ServerAccessManage:509 - Download File STMicroelectronics.X-CUBE-FREERTOS.pdsc
2026-06-25 10:39:26,919 [INFO] WebApp:169 - Instantiating new browser for Auth
2026-06-25 10:39:27,725 [INFO] ServerAccessManage:452 - Complete download http(s) 200
2026-06-25 10:39:27,726 [INFO] ServerAccessManage:509 - Download File STMicroelectronics.X-CUBE-NFC13.pdsc
2026-06-25 10:39:27,743 [WARN] MainUpdater:1193 - Updater busy. Cannot search thirdparties
2026-06-25 10:39:27,746 [INFO] ThirdPartyUpdaterWithRetryManager:96 - Updater plugin is busy. [2/15]
2026-06-25 10:39:28,033 [INFO] ServerAccessManage:452 - Complete download http(s) 200
2026-06-25 10:39:28,034 [INFO] ServerAccessManage:509 - Download File STMicroelectronics.X-CUBE-SMBUS.pdsc
2026-06-25 10:39:28,628 [ERROR] ServerAccessManage:1212 - Problem, file not found on Server
2026-06-25 10:39:29,018 [INFO] WebApp:463 - Apply proxy settings
2026-06-25 10:39:29,019 [INFO] WebApp:548 - Chromium requires no authentication
2026-06-25 10:39:29,043 [INFO] WebApp:491 - Direct internet connection detected
2026-06-25 10:39:29,139 [INFO] ServerAccessManage:452 - Complete download http(s) 200
2026-06-25 10:39:29,140 [INFO] ServerAccessManage:509 - Download File STMicroelectronics.X-CUBE-ALGOBUILD.pdsc
2026-06-25 10:39:29,157 [INFO] WebApp:900 - Register for checkConnection events
2026-06-25 10:39:29,158 [INFO] WebApp:463 - Apply proxy settings
2026-06-25 10:39:29,158 [INFO] WebApp:548 - Chromium requires no authentication
2026-06-25 10:39:29,159 [INFO] WebApp:491 - Direct internet connection detected
2026-06-25 10:39:29,436 [INFO] WebApp:191 - Connection restablished
2026-06-25 10:39:29,603 [INFO] ServerAccessManage:452 - Complete download http(s) 200
2026-06-25 10:39:29,603 [INFO] ServerAccessManage:509 - Download File STMicroelectronics.X-CUBE-AZRTOS-H7RS.pdsc
2026-06-25 10:39:29,782 [INFO] WebApp:225 - Starting web application
2026-06-25 10:39:29,783 [INFO] WebApp:593 - Web application path used C:\ST\STM32CubeIDE_1.19.0\STM32CubeIDE\plugins\com.st.stm32cube.common.mx_6.15.0.202507011659\db\plugins\mcufinder\reactClient1\index.html
2026-06-25 10:39:30,671 [INFO] ServerAccessManage:452 - Complete download http(s) 200
2026-06-25 10:39:30,671 [INFO] ServerAccessManage:509 - Download File STMicroelectronics.X-CUBE-WBA.pdsc
2026-06-25 10:39:30,748 [WARN] MainUpdater:1193 - Updater busy. Cannot search thirdparties
2026-06-25 10:39:30,748 [INFO] ThirdPartyUpdaterWithRetryManager:96 - Updater plugin is busy. [3/15]
2026-06-25 10:39:30,758 [INFO] UserAuth:487 - Internet connection configuration mode: 1
2026-06-25 10:39:31,960 [WARN] PackLoader:240 - Cannot read IP mode file for STMicroelectronics.X-CUBE-AI.10.2.1
2026-06-25 10:39:31,984 [WARN] PackLoader:240 - Cannot read IP mode file for STMicroelectronics.X-CUBE-FREERTOS.1.6.0
2026-06-25 10:39:32,009 [WARN] PackLoader:240 - Cannot read IP mode file for STMicroelectronics.X-CUBE-NFC13.1.0.0
2026-06-25 10:39:32,043 [WARN] PopulateThirdPartyThread:106 - Error when creating pack: C:/Users/pc/.stm32cubemx/thirdparties/pdsc/STMicroelectronics.X-CUBE-SMBUS.pdsc
2026-06-25 10:39:32,067 [WARN] PackLoader:240 - Cannot read IP mode file for STMicroelectronics.X-CUBE-ALGOBUILD.1.5.0
2026-06-25 10:39:32,162 [WARN] PackLoader:240 - Cannot read IP mode file for STMicroelectronics.X-CUBE-AZRTOS-H7RS.1.3.0
2026-06-25 10:39:32,178 [INFO] CheckServerUpdateThread:120 - End of CheckServer Thread
2026-06-25 10:39:32,183 [WARN] PopulateThirdPartyThread:106 - Error when creating pack: C:/Users/pc/.stm32cubemx/thirdparties/pdsc/STMicroelectronics.X-CUBE-WBA.pdsc
2026-06-25 10:39:32,184 [INFO] PopulateThirdPartyThread:66 - Ending populate Thread
2026-06-25 10:39:32,187 [INFO] ThirdParty:1030 - CMSIS Pack Vendor :STMicroelectronics X-CUBE-AI 10.2.1
2026-06-25 10:39:32,187 [INFO] ThirdParty:1030 - CMSIS Pack Vendor :STMicroelectronics X-CUBE-ALGOBUILD 1.5.0
2026-06-25 10:39:32,187 [INFO] ThirdParty:1030 - CMSIS Pack Vendor :STMicroelectronics X-CUBE-AZRTOS-H7RS 1.3.0
2026-06-25 10:39:32,187 [INFO] ThirdParty:1030 - CMSIS Pack Vendor :STMicroelectronics X-CUBE-NFC13 1.0.0
2026-06-25 10:39:32,188 [INFO] ThirdParty:1030 - CMSIS Pack Vendor :STMicroelectronics X-CUBE-FREERTOS 1.6.0
2026-06-25 10:39:32,190 [INFO] LoadServerUpdatesThread:375 - End of LoadServerUpdate Thread
2026-06-25 10:39:34,314 [WARN] PackLoader:240 - Cannot read IP mode file for STMicroelectronics.X-CUBE-AZRTOS-H7.3.5.0
2026-06-25 10:39:34,335 [WARN] PackLoader:240 - Cannot read IP mode file for STMicroelectronics.FP-ATR-ASTRA1.2.0.2
2026-06-25 10:39:34,339 [ERROR] Engine:466 - C:\Users\pc\.stm32cubemx\thirdparties\pdsc\STMicroelectronics.X-CUBE-SMBUS.2.1.1.pdsc: PDSC version is not supported
2026-06-25 10:39:34,372 [WARN] PackLoader:240 - Cannot read IP mode file for STMicroelectronics.X-CUBE-SMBUS.2.1.0
2026-06-25 10:39:34,444 [WARN] PackLoader:240 - Cannot read IP mode file for STMicroelectronics.X-CUBE-AZRTOS-F7.1.1.0
2026-06-25 10:39:34,469 [WARN] PackLoader:240 - Cannot read IP mode file for STMicroelectronics.X-CUBE-FREERTOS.1.6.0
2026-06-25 10:39:34,520 [WARN] PackLoader:240 - Cannot read IP mode file for STMicroelectronics.FP-SNS-MOTENV1.5.1.0
2026-06-25 10:39:34,573 [WARN] PackLoader:240 - Cannot read IP mode file for STMicroelectronics.X-CUBE-AZRTOS-H7RS.1.3.0
2026-06-25 10:39:34,616 [WARN] PackLoader:240 - Cannot read IP mode file for WES.I-CUBE-Cesium.1.4.0
2026-06-25 10:39:34,660 [WARN] PackLoader:240 - Cannot read IP mode file for STMicroelectronics.X-CUBE-DISPLAY.3.0.0
2026-06-25 10:39:34,710 [WARN] PackLoader:240 - Cannot read IP mode file for STMicroelectronics.X-CUBE-GNSS1.7.1.1
2026-06-25 10:39:34,724 [WARN] PackLoader:240 - Cannot read IP mode file for STMicroelectronics.FP-SNS-MOTENVWB1.1.5.0
2026-06-25 10:39:34,765 [WARN] PackLoader:240 - Cannot read IP mode file for STMicroelectronics.X-CUBE-NFC10.1.0.0
2026-06-25 10:39:34,805 [WARN] PackLoader:240 - Cannot read IP mode file for STMicroelectronics.X-CUBE-ST60.1.1.0
2026-06-25 10:39:34,849 [WARN] PackLoader:240 - Cannot read IP mode file for emotas.I-CUBE-CANOPEN.1.3.0
2026-06-25 10:39:34,854 [ERROR] Engine:466 - C:\Users\pc\.stm32cubemx\thirdparties\pdsc\STMicroelectronics.X-CUBE-WBA.1.1.0.pdsc: PDSC version is not supported
2026-06-25 10:39:34,882 [WARN] PackLoader:240 - Cannot read IP mode file for STMicroelectronics.X-CUBE-GNSS1.7.1.0
2026-06-25 10:39:34,916 [WARN] PackLoader:240 - Cannot read IP mode file for STMicroelectronics.FP-SNS-STBOX1.2.1.0
2026-06-25 10:39:34,948 [WARN] PackLoader:240 - Cannot read IP mode file for STMicroelectronics.FP-SNS-SMARTAG2.1.2.0
2026-06-25 10:39:34,957 [WARN] PackLoader:240 - Cannot read IP mode file for STMicroelectronics.FP-SNS-FLIGHT1.5.1.0
2026-06-25 10:39:34,993 [INFO] LogOutputStream:77 - [STDOUT_REDIRECT] 1 : Invalid condition id : UX_CORESTACK_Condition cause : null
2026-06-25 10:39:34,994 [INFO] LogOutputStream:77 - [STDOUT_REDIRECT] 1 : Invalid condition id : UX_CORESTACK_Condition cause : null
2026-06-25 10:39:34,995 [INFO] LogOutputStream:77 - [STDOUT_REDIRECT] 1 : Invalid condition id : UX_CORESTACK_Condition cause : null
2026-06-25 10:39:34,997 [INFO] LogOutputStream:77 - [STDOUT_REDIRECT] 1 : Invalid condition id : UX_CORESTACK_Condition cause : null
2026-06-25 10:39:35,001 [INFO] LogOutputStream:77 - [STDOUT_REDIRECT] 1 : Invalid condition id : UX_CORESTACK_Condition cause : null
2026-06-25 10:39:35,004 [WARN] PackLoader:240 - Cannot read IP mode file for STMicroelectronics.X-CUBE-AZRTOS-WL.2.0.0
2026-06-25 10:39:35,059 [WARN] PackLoader:240 - Cannot read IP mode file for STMicroelectronics.X-CUBE-AZRTOS-H7RS.1.2.0
2026-06-25 10:39:35,092 [WARN] PackLoader:240 - Cannot read IP mode file for STMicroelectronics.X-CUBE-BLE2.3.3.0
2026-06-25 10:39:35,200 [WARN] PackLoader:240 - Cannot read IP mode file for Infineon.AIROC-Wi-Fi-Bluetooth-STM32.1.8.0
2026-06-25 10:39:35,241 [WARN] PackLoader:240 - Cannot read IP mode file for STMicroelectronics.X-CUBE-NFC9.1.0.0
2026-06-25 10:39:35,272 [WARN] PackLoader:240 - Cannot read IP mode file for STMicroelectronics.X-CUBE-BLE1.7.1.0
2026-06-25 10:39:35,282 [WARN] PackLoader:240 - Cannot read IP mode file for wolfSSL.I-CUBE-wolfMQTT.1.19.2
2026-06-25 10:39:35,311 [WARN] PackLoader:240 - Cannot read IP mode file for STMicroelectronics.X-CUBE-EEPRMA1.5.2.0
2026-06-25 10:39:35,340 [WARN] PackLoader:240 - Cannot read IP mode file for wolfSSL.I-CUBE-wolfSSL.5.8.4
2026-06-25 10:39:35,349 [WARN] PackLoader:240 - Cannot read IP mode file for Cesanta.I-CUBE-Mongoose.7.20.0
2026-06-25 10:39:35,384 [WARN] PackLoader:240 - Cannot read IP mode file for STMicroelectronics.FP-SNS-STAIOTCFT.1.1.0
2026-06-25 10:39:35,477 [WARN] PackLoader:240 - Cannot read IP mode file for STMicroelectronics.X-CUBE-MEMS1.12.0.0
2026-06-25 10:39:35,678 [WARN] PackLoader:240 - Cannot read IP mode file for STMicroelectronics.X-CUBE-AZRTOS-G0.1.1.0
2026-06-25 10:39:35,715 [WARN] PackLoader:240 - Cannot read IP mode file for STMicroelectronics.X-CUBE-NFC4.3.0.0
2026-06-25 10:39:35,751 [WARN] PackLoader:240 - Cannot read IP mode file for EmbeddedOffice.I-CUBE-FS-RTOS.1.0.1
2026-06-25 10:39:35,783 [WARN] PackLoader:240 - Cannot read IP mode file for STMicroelectronics.X-CUBE-WB05N.2.0.0
2026-06-25 10:39:35,793 [WARN] PackLoader:240 - Cannot read IP mode file for wolfSSL.I-CUBE-wolfTPM.3.8.0
2026-06-25 10:39:35,820 [WARN] PackLoader:240 - Cannot read IP mode file for STMicroelectronics.X-CUBE-TCPP.4.2.0
2026-06-25 10:39:35,849 [WARN] PackLoader:240 - Cannot read IP mode file for RealThread.X-CUBE-RT-Thread_Nano.4.1.1
2026-06-25 10:39:35,860 [WARN] PackLoader:240 - Cannot read IP mode file for STMicroelectronics.FP-ATR-SIGFOX1.3.2.0
2026-06-25 10:39:35,888 [WARN] PackLoader:240 - Cannot read IP mode file for STMicroelectronics.X-CUBE-FREERTOS.1.5.0
2026-06-25 10:39:35,916 [WARN] PackLoader:240 - Cannot read IP mode file for ITTIA_DB.I-CUBE-ITTIADB.8.9.0
2026-06-25 10:39:35,951 [WARN] PackLoader:240 - Cannot read IP mode file for STMicroelectronics.X-CUBE-NFC6.3.2.0
2026-06-25 10:39:35,959 [WARN] PackLoader:240 - Cannot read IP mode file for STMicroelectronics.X-CUBE-AI.10.2.1
2026-06-25 10:39:35,986 [WARN] PackLoader:240 - Cannot read IP mode file for STMicroelectronics.X-CUBE-AI.10.2.0
2026-06-25 10:39:36,088 [WARN] PackLoader:240 - Cannot read IP mode file for STMicroelectronics.X-CUBE-MEMS1.12.1.0
2026-06-25 10:39:36,303 [WARN] PackLoader:240 - Cannot read IP mode file for SEGGER.I-CUBE-embOS.1.3.1
2026-06-25 10:39:36,398 [WARN] PackLoader:240 - Cannot read IP mode file for STMicroelectronics.X-CUBE-ALGOBUILD.1.4.0
2026-06-25 10:39:36,410 [WARN] PackLoader:240 - Cannot read IP mode file for STMicroelectronics.X-CUBE-NFC13.1.0.0
2026-06-25 10:39:36,448 [WARN] PackLoader:240 - Cannot read IP mode file for STMicroelectronics.X-CUBE-PM33A1.1.0.0
2026-06-25 10:39:36,512 [WARN] PackLoader:240 - Cannot read IP mode file for STMicroelectronics.X-CUBE-AZRTOS-F4.1.1.0
2026-06-25 10:39:36,548 [WARN] PackLoader:240 - Cannot read IP mode file for STMicroelectronics.X-CUBE-ISPU.2.1.0
2026-06-25 10:39:36,588 [WARN] PackLoader:240 - Cannot read IP mode file for STMicroelectronics.X-CUBE-IPS.3.2.0
2026-06-25 10:39:36,603 [WARN] PackLoader:240 - Cannot read IP mode file for STMicroelectronics.eDS-WB_DPC_TT-BIDIR.2.1.1
2026-06-25 10:39:36,633 [WARN] PackLoader:240 - Cannot read IP mode file for STMicroelectronics.X-CUBE-NFC12.1.0.0
2026-06-25 10:39:36,689 [WARN] PackLoader:240 - Cannot read IP mode file for STMicroelectronics.X-CUBE-AZRTOS-L5.2.0.0
2026-06-25 10:39:36,702 [WARN] PackLoader:240 - Cannot read IP mode file for STMicroelectronics.X-CUBE-ALGOBUILD.1.5.0
2026-06-25 10:39:36,710 [WARN] PackLoader:240 - Cannot read IP mode file for STMicroelectronics.eDS-WB_DPC_VIENNA.1.2.0
2026-06-25 10:39:36,718 [WARN] PackLoader:240 - Cannot read IP mode file for STMicroelectronics.eDS-WB_DPC_3PH2L-BIDIR.1.1.1
2026-06-25 10:39:36,749 [ERROR] Engine:466 - C:\Users\pc\.stm32cubemx\thirdparties\pdsc\STMicroelectronics.X-CUBE-ST67W61.1.3.0.pdsc: PDSC version is not supported
2026-06-25 10:39:36,785 [WARN] PackLoader:240 - Cannot read IP mode file for STMicroelectronics.X-CUBE-TOUCHGFX.4.26.1
2026-06-25 10:39:36,810 [WARN] PackLoader:240 - Cannot read IP mode file for STMicroelectronics.FP-SNS-STAIOTCFT.1.0.0
2026-06-25 10:39:36,839 [WARN] PackLoader:240 - Cannot read IP mode file for STMicroelectronics.X-CUBE-DPower.1.3.0
2026-06-25 10:39:36,897 [WARN] ConditionMgr:438 - getConditionDescription Invalid condition id : LAN8742 Phy interface Condition cause : null
2026-06-25 10:39:36,898 [WARN] PackLoader:240 - Cannot read IP mode file for STMicroelectronics.X-CUBE-AZRTOS-L4.2.0.0
2026-06-25 10:39:36,899 [WARN] ConditionMgr:1044 - genDependencies : Invalid condition id : LAN8742 Phy interface Condition cause : null
2026-06-25 10:39:36,900 [WARN] ConditionMgr:1044 - genDependencies : Invalid condition id : LAN8742 Phy interface Condition cause : null
2026-06-25 10:39:36,900 [WARN] ConditionMgr:1044 - genDependencies : Invalid condition id : LAN8742 Phy interface Condition cause : null
2026-06-25 10:39:36,938 [WARN] PackLoader:240 - Cannot read IP mode file for STMicroelectronics.X-CUBE-SFXS2LP1.4.0.0
2026-06-25 10:39:36,969 [WARN] PackLoader:240 - Cannot read IP mode file for STMicroelectronics.X-CUBE-WB05N.2.1.0
2026-06-25 10:39:37,008 [WARN] PackLoader:240 - Cannot read IP mode file for STMicroelectronics.X-CUBE-ST67W61.1.2.0
2026-06-25 10:39:37,050 [WARN] PackLoader:240 - Cannot read IP mode file for STMicroelectronics.X-CUBE-BLEMGR.4.1.0
2026-06-25 10:39:37,109 [WARN] ConditionMgr:438 - getConditionDescription Invalid condition id : UX DEVICE CLASS RTOS Condition cause : null
2026-06-25 10:39:37,109 [WARN] ConditionMgr:438 - getConditionDescription Invalid condition id : UX DEVICE CLASS RTOS Condition cause : null
2026-06-25 10:39:37,112 [WARN] PackLoader:240 - Cannot read IP mode file for STMicroelectronics.X-CUBE-AZRTOS-WB.2.0.0
2026-06-25 10:39:37,112 [WARN] ConditionMgr:1044 - genDependencies : Invalid condition id : UX DEVICE CLASS RTOS Condition cause : null
2026-06-25 10:39:37,112 [WARN] ConditionMgr:1044 - genDependencies : Invalid condition id : UX DEVICE CLASS RTOS Condition cause : null
2026-06-25 10:39:37,113 [WARN] ConditionMgr:1044 - genDependencies : Invalid condition id : UX DEVICE CLASS RTOS Condition cause : null
2026-06-25 10:39:37,113 [WARN] ConditionMgr:1044 - genDependencies : Invalid condition id : UX DEVICE CLASS RTOS Condition cause : null
2026-06-25 10:39:37,113 [WARN] ConditionMgr:1044 - genDependencies : Invalid condition id : UX DEVICE CLASS RTOS Condition cause : null
2026-06-25 10:39:37,124 [WARN] ConditionMgr:438 - getConditionDescription Invalid condition id : Cortex-A Device cause : null
2026-06-25 10:39:37,157 [WARN] ConditionMgr:1044 - genDependencies : Invalid condition id : Cortex-A Device cause : null
2026-06-25 10:39:37,157 [WARN] ConditionMgr:1044 - genDependencies : Invalid condition id : Cortex-A Device cause : null
2026-06-25 10:39:37,158 [WARN] ConditionMgr:1044 - genDependencies : Invalid condition id : Cortex-A Device cause : null
2026-06-25 10:39:37,194 [WARN] PackLoader:240 - Cannot read IP mode file for STMicroelectronics.X-CUBE-STSE01.2.0.0
2026-06-25 10:39:37,230 [WARN] PackLoader:240 - Cannot read IP mode file for STMicroelectronics.X-CUBE-SUBG2.5.0.0
2026-06-25 10:39:37,288 [WARN] PackLoader:240 - Cannot read IP mode file for STMicroelectronics.X-CUBE-AZRTOS-G4.2.0.0
2026-06-25 10:39:37,300 [WARN] PackLoader:240 - Cannot read IP mode file for wolfSSL.I-CUBE-wolfSSH.1.4.20
2026-06-25 10:39:37,326 [WARN] PackLoader:240 - Cannot read IP mode file for STMicroelectronics.X-CUBE-NFC7.2.0.0
2026-06-25 10:39:37,355 [WARN] PackLoader:240 - Cannot read IP mode file for STMicroelectronics.X-CUBE-ALS.1.0.2
2026-06-25 10:39:37,397 [WARN] PackLoader:240 - Cannot read IP mode file for STMicroelectronics.X-CUBE-TOF1.3.4.3
2026-06-25 10:39:37,412 [INFO] ThirdParty:978 - Integrity check success = true
2026-06-25 10:39:37,412 [INFO] IntegrityCheckThread:100 - exiting critical section [integrity check]
2026-06-25 10:39:37,412 [INFO] IntegrityCheckThread:103 - End integrity checks thread
2026-06-25 11:39:25,354 [INFO] WebApp:194 - Connection lost
2026-06-25 11:39:26,806 [INFO] WebApp:191 - Connection restablished
2026-06-25 11:39:28,297 [INFO] WebApp:194 - Connection lost
2026-06-25 11:39:28,609 [INFO] WebApp:191 - Connection restablished
2026-06-25 11:39:28,833 [INFO] WebApp:194 - Connection lost
2026-06-25 11:39:29,083 [INFO] WebApp:191 - Connection restablished
2026-06-25 13:02:59,266 [INFO] WebApp:194 - Connection lost
2026-06-25 13:02:59,683 [INFO] WebApp:191 - Connection restablished
2026-06-25 14:18:53,833 [INFO] WebApp:194 - Connection lost
2026-06-25 14:18:54,913 [INFO] WebApp:191 - Connection restablished
2026-06-25 14:18:56,943 [INFO] WebApp:194 - Connection lost
2026-06-25 14:18:57,398 [INFO] WebApp:191 - Connection restablished
